\BOOKMARK [0][-]{chapter.1}{\376\377\000I\000n\000t\000r\000o\000d\000u\000c\000t\000i\000o\000n}{}% 1
\BOOKMARK [1][-]{section.1.1}{\376\377\000A\000i\000m\000s\000\040\000a\000n\000d\000\040\000O\000b\000j\000e\000c\000t\000i\000v\000e\000s}{chapter.1}% 2
\BOOKMARK [1][-]{section.1.2}{\376\377\000A\000i\000m\000s}{chapter.1}% 3
\BOOKMARK [1][-]{section.1.3}{\376\377\000O\000b\000j\000e\000c\000t\000i\000v\000e\000s}{chapter.1}% 4
\BOOKMARK [2][-]{subsection.1.3.1}{\376\377\000C\000o\000r\000e\000\040\000O\000b\000j\000e\000c\000t\000i\000v\000e\000s}{section.1.3}% 5
\BOOKMARK [2][-]{subsection.1.3.2}{\376\377\000S\000t\000r\000e\000t\000c\000h\000\040\000G\000o\000a\000l\000s}{section.1.3}% 6
\BOOKMARK [2][-]{subsection.1.3.3}{\376\377\000W\000o\000r\000k\000\040\000D\000o\000n\000e}{section.1.3}% 7
\BOOKMARK [2][-]{subsection.1.3.4}{\376\377\000O\000D\000D}{section.1.3}% 8
\BOOKMARK [2][-]{subsection.1.3.5}{\376\377\000S\000o\000f\000t\000w\000a\000r\000e\000\040\000D\000e\000s\000i\000g\000n}{section.1.3}% 9
\BOOKMARK [2][-]{subsection.1.3.6}{\376\377\000E\000x\000p\000e\000r\000i\000m\000e\000n\000t\000\040\000C\000o\000n\000c\000e\000p\000t\000u\000a\000l\000i\000s\000a\000t\000i\000o\000n}{section.1.3}% 10
\BOOKMARK [1][-]{section.1.4}{\376\377\000P\000r\000o\000j\000e\000c\000t\000\040\000M\000a\000n\000a\000g\000e\000m\000e\000n\000t\000\040\000\046\000\040\000S\000e\000l\000f\000\040\000R\000e\000v\000i\000e\000w}{chapter.1}% 11
\BOOKMARK [2][-]{subsection.1.4.1}{\376\377\000G\000a\000n\000t\000t\000\040\000C\000h\000a\000r\000t\000\040\000\046\000\040\000A\000m\000e\000n\000d\000m\000e\000n\000t\000s}{section.1.4}% 12
\BOOKMARK [2][-]{subsection.1.4.2}{\376\377\000S\000e\000l\000f\000-\000R\000e\000v\000i\000e\000w}{section.1.4}% 13
\BOOKMARK [0][-]{chapter.2}{\376\377\000L\000i\000t\000e\000r\000a\000t\000u\000r\000e\000\040\000R\000e\000v\000i\000e\000w}{}% 14
\BOOKMARK [1][-]{section.2.1}{\376\377\000A\000l\000c\000o\000h\000o\000l\000\040\000H\000a\000r\000m\000\040\000P\000a\000r\000a\000d\000o\000x}{chapter.2}% 15
\BOOKMARK [1][-]{section.2.2}{\376\377\000F\000u\000n\000d\000a\000m\000e\000n\000t\000a\000l\000\040\000C\000a\000u\000s\000e\000\040\000T\000h\000e\000o\000r\000y}{chapter.2}% 16
\BOOKMARK [1][-]{section.2.3}{\376\377\000A\000g\000e\000n\000t\000-\000b\000a\000s\000e\000d\000\040\000M\000o\000d\000e\000l\000s}{chapter.2}% 17
\BOOKMARK [2][-]{subsection.2.3.1}{\376\377\000R\000e\000l\000e\000v\000a\000n\000c\000e\000\040\000t\000o\000\040\000P\000u\000b\000l\000i\000c\000\040\000H\000e\000a\000l\000t\000h}{section.2.3}% 18
\BOOKMARK [2][-]{subsection.2.3.2}{\376\377\000A\000g\000e\000n\000t\000-\000b\000a\000s\000e\000d\000\040\000M\000o\000d\000e\000l\000s\000\040\000\046\000\040\000A\000l\000c\000o\000h\000o\000l\000\040\000P\000o\000l\000i\000c\000y}{section.2.3}% 19
\BOOKMARK [2][-]{subsection.2.3.3}{\376\377\000D\000e\000s\000i\000g\000n\000i\000n\000g\000\040\000A\000g\000e\000n\000t\000-\000b\000a\000s\000e\000d\000\040\000M\000o\000d\000e\000l\000s}{section.2.3}% 20
\BOOKMARK [2][-]{subsection.2.3.4}{\376\377\000M\000e\000c\000h\000a\000n\000i\000s\000m\000-\000b\000a\000s\000e\000d\000\040\000S\000o\000c\000i\000a\000l\000\040\000S\000y\000s\000t\000e\000m\000s\000\040\000M\000o\000d\000e\000l\000l\000i\000n\000g}{section.2.3}% 21
